kotlin version: 2.0.0
error message: org.jetbrains.kotlin.backend.common.BackendException: Backend Internal error: Exception during IR lowering
File being compiled: D:/AndroidStudioProjects/CompSciComputations/core/database/src/main/java/com/compscicomputations/core/database/network/Connectivity.kt
The root cause java.lang.RuntimeException was thrown at: org.jetbrains.kotlin.backend.jvm.codegen.FunctionCodegen.generate(FunctionCodegen.kt:50)
	at org.jetbrains.kotlin.backend.common.CodegenUtil.reportBackendException(CodegenUtil.kt:253)
	at org.jetbrains.kotlin.backend.common.CodegenUtil.reportBackendException$default(CodegenUtil.kt:236)
	at org.jetbrains.kotlin.backend.common.phaser.PerformByIrFilePhase.invokeSequential(performByIrFile.kt:65)
	at org.jetbrains.kotlin.backend.common.phaser.PerformByIrFilePhase.invoke(performByIrFile.kt:52)
	at org.jetbrains.kotlin.backend.common.phaser.PerformByIrFilePhase.invoke(performByIrFile.kt:38)
	at org.jetbrains.kotlin.backend.common.phaser.NamedCompilerPhase.phaseBody(CompilerPhase.kt:166)
	at org.jetbrains.kotlin.backend.common.phaser.AbstractNamedCompilerPhase.invoke(CompilerPhase.kt:113)
	at org.jetbrains.kotlin.backend.common.phaser.CompositePhase.invoke(PhaseBuilders.kt:29)
	at org.jetbrains.kotlin.backend.common.phaser.CompositePhase.invoke(PhaseBuilders.kt:16)
	at org.jetbrains.kotlin.backend.common.phaser.NamedCompilerPhase.phaseBody(CompilerPhase.kt:166)
	at org.jetbrains.kotlin.backend.common.phaser.AbstractNamedCompilerPhase.invoke(CompilerPhase.kt:113)
	at org.jetbrains.kotlin.backend.common.phaser.CompilerPhaseKt.invokeToplevel(CompilerPhase.kt:62)
	at org.jetbrains.kotlin.backend.jvm.JvmIrCodegenFactory.invokeCodegen(JvmIrCodegenFactory.kt:371)
	at org.jetbrains.kotlin.codegen.CodegenFactory.generateModule(CodegenFactory.kt:47)
	at org.jetbrains.kotlin.backend.jvm.JvmIrCodegenFactory.generateModuleInFrontendIRMode(JvmIrCodegenFactory.kt:433)
	at org.jetbrains.kotlin.cli.jvm.compiler.pipeline.JvmCompilerPipelineKt.generateCodeFromIr(jvmCompilerPipeline.kt:241)
	at org.jetbrains.kotlin.cli.jvm.compiler.pipeline.JvmCompilerPipelineKt.compileModulesUsingFrontendIrAndLightTree(jvmCompilerPipeline.kt:140)
	at org.jetbrains.kotlin.cli.jvm.K2JVMCompiler.doExecute(K2JVMCompiler.kt:155)
	at org.jetbrains.kotlin.cli.jvm.K2JVMCompiler.doExecute(K2JVMCompiler.kt:50)
	at org.jetbrains.kotlin.cli.common.CLICompiler.execImpl(CLICompiler.kt:104)
	at org.jetbrains.kotlin.cli.common.CLICompiler.execImpl(CLICompiler.kt:48)
	at org.jetbrains.kotlin.cli.common.CLITool.exec(CLITool.kt:101)
	at org.jetbrains.kotlin.incremental.IncrementalJvmCompilerRunner.runCompiler(IncrementalJvmCompilerRunner.kt:453)
	at org.jetbrains.kotlin.incremental.IncrementalJvmCompilerRunner.runCompiler(IncrementalJvmCompilerRunner.kt:62)
	at org.jetbrains.kotlin.incremental.IncrementalCompilerRunner.doCompile(IncrementalCompilerRunner.kt:506)
	at org.jetbrains.kotlin.incremental.IncrementalCompilerRunner.compileImpl(IncrementalCompilerRunner.kt:423)
	at org.jetbrains.kotlin.incremental.IncrementalCompilerRunner.compileNonIncrementally(IncrementalCompilerRunner.kt:301)
	at org.jetbrains.kotlin.incremental.IncrementalCompilerRunner.compile(IncrementalCompilerRunner.kt:129)
	at org.jetbrains.kotlin.daemon.CompileServiceImplBase.execIncrementalCompiler(CompileServiceImpl.kt:676)
	at org.jetbrains.kotlin.daemon.CompileServiceImplBase.access$execIncrementalCompiler(CompileServiceImpl.kt:92)
	at org.jetbrains.kotlin.daemon.CompileServiceImpl.compile(CompileServiceImpl.kt:1661)
	at jdk.internal.reflect.GeneratedMethodAccessor95.invoke(Unknown Source)
	at java.base/jdk.internal.reflect.DelegatingMethodAccessorImpl.invoke(DelegatingMethodAccessorImpl.java:43)
	at java.base/java.lang.reflect.Method.invoke(Method.java:568)
	at java.rmi/sun.rmi.server.UnicastServerRef.dispatch(UnicastServerRef.java:360)
	at java.rmi/sun.rmi.transport.Transport$1.run(Transport.java:200)
	at java.rmi/sun.rmi.transport.Transport$1.run(Transport.java:197)
	at java.base/java.security.AccessController.doPrivileged(AccessController.java:712)
	at java.rmi/sun.rmi.transport.Transport.serviceCall(Transport.java:196)
	at java.rmi/sun.rmi.transport.tcp.TCPTransport.handleMessages(TCPTransport.java:587)
	at java.rmi/sun.rmi.transport.tcp.TCPTransport$ConnectionHandler.run0(TCPTransport.java:828)
	at java.rmi/sun.rmi.transport.tcp.TCPTransport$ConnectionHandler.lambda$run$0(TCPTransport.java:705)
	at java.base/java.security.AccessController.doPrivileged(AccessController.java:399)
	at java.rmi/sun.rmi.transport.tcp.TCPTransport$ConnectionHandler.run(TCPTransport.java:704)
	at java.base/java.util.concurrent.ThreadPoolExecutor.runWorker(ThreadPoolExecutor.java:1136)
	at java.base/java.util.concurrent.ThreadPoolExecutor$Worker.run(ThreadPoolExecutor.java:635)
	at java.base/java.lang.Thread.run(Thread.java:840)
Caused by: java.lang.RuntimeException: Exception while generating code for:
FUN name:connectivityState visibility:public modality:FINAL <> ($this:com.compscicomputations.core.database.network.Connectivity) returnType:androidx.compose.runtime.State<com.compscicomputations.core.database.network.ConnectionState>
  annotations:
    ExperimentalCoroutinesApi
    Composable
  $this: VALUE_PARAMETER name:<this> type:com.compscicomputations.core.database.network.Connectivity
  BLOCK_BODY
    VAR name:context type:android.content.Context [val]
      CALL 'public final fun <get-current> (): T of androidx.compose.runtime.CompositionLocal [inline] declared in androidx.compose.runtime.CompositionLocal' type=android.content.Context origin=GET_PROPERTY
        $this: TYPE_OP type=androidx.compose.runtime.CompositionLocal<T of androidx.compose.runtime.CompositionLocal> origin=IMPLICIT_CAST typeOperand=androidx.compose.runtime.CompositionLocal<T of androidx.compose.runtime.CompositionLocal>
          CALL 'public final fun <get-LocalContext> (): androidx.compose.runtime.ProvidableCompositionLocal<android.content.Context> declared in androidx.compose.ui.platform.AndroidCompositionLocals_androidKt' type=androidx.compose.runtime.ProvidableCompositionLocal<android.content.Context> origin=GET_PROPERTY
    RETURN type=kotlin.Nothing from='public final fun connectivityState (): androidx.compose.runtime.State<com.compscicomputations.core.database.network.ConnectionState> declared in com.compscicomputations.core.database.network.Connectivity'
      CALL 'public final fun produceState <T> (initialValue: T of androidx.compose.runtime.SnapshotStateKt.produceState, producer: @[ExtensionFunctionType] kotlin.coroutines.SuspendFunction1<androidx.compose.runtime.ProduceStateScope<T of androidx.compose.runtime.SnapshotStateKt.produceState>, kotlin.Unit>): androidx.compose.runtime.State<T of androidx.compose.runtime.SnapshotStateKt.produceState> declared in androidx.compose.runtime.SnapshotStateKt' type=androidx.compose.runtime.State<com.compscicomputations.core.database.network.ConnectionState> origin=null
        <T>: com.compscicomputations.core.database.network.ConnectionState
        initialValue: CALL 'private final fun <get-currentConnectivityState> (): com.compscicomputations.core.database.network.ConnectionState declared in com.compscicomputations.core.database.network.Connectivity' type=com.compscicomputations.core.database.network.ConnectionState origin=GET_PROPERTY
          $this: GET_VAR '<this>: com.compscicomputations.core.database.network.Connectivity declared in com.compscicomputations.core.database.network.Connectivity.connectivityState' type=com.compscicomputations.core.database.network.Connectivity origin=null
          $receiver: GET_VAR 'val context: android.content.Context [val] declared in com.compscicomputations.core.database.network.Connectivity.connectivityState' type=android.content.Context origin=null
        producer: BLOCK type=com.compscicomputations.core.database.network.Connectivity.connectivityState.<no name provided> origin=null
          CLASS SUSPEND_LAMBDA CLASS name:<no name provided> modality:FINAL visibility:public/*package*/ superTypes:[kotlin.coroutines.jvm.internal.SuspendLambda; kotlin.jvm.functions.Function2<androidx.compose.runtime.ProduceStateScope<com.compscicomputations.core.database.network.ConnectionState>, kotlin.coroutines.Continuation<kotlin.Unit>?, kotlin.Any?>]
            $this: VALUE_PARAMETER INSTANCE_RECEIVER name:<this> type:com.compscicomputations.core.database.network.Connectivity.connectivityState.<no name provided>
            FIELD name:label type:kotlin.Int visibility:public/*package*/
            FIELD FIELD_FOR_CAPTURED_VALUE name:L$0 type:kotlin.Any? visibility:private
            CONSTRUCTOR SUSPEND_LAMBDA visibility:public/*package*/ <> ($context:android.content.Context, $completion:kotlin.coroutines.Continuation<com.compscicomputations.core.database.network.Connectivity.connectivityState.<no name provided>>?) returnType:com.compscicomputations.core.database.network.Connectivity.connectivityState.<no name provided> [primary]
              VALUE_PARAMETER BOUND_VALUE_PARAMETER name:$context index:0 type:android.content.Context
              VALUE_PARAMETER name:$completion index:1 type:kotlin.coroutines.Continuation<com.compscicomputations.core.database.network.Connectivity.connectivityState.<no name provided>>?
              BLOCK_BODY
                SET_FIELD 'FIELD FIELD_FOR_CAPTURED_VALUE name:$context type:android.content.Context visibility:public/*package*/ [final]' type=kotlin.Unit origin=INITIALIZER_OF_FIELD_FOR_CAPTURED_VALUE
                  receiver: GET_VAR '<this>: com.compscicomputations.core.database.network.Connectivity.connectivityState.<no name provided> declared in com.compscicomputations.core.database.network.Connectivity.connectivityState.<no name provided>' type=com.compscicomputations.core.database.network.Connectivity.connectivityState.<no name provided> origin=null
                  value: GET_VAR '$context: android.content.Context declared in com.compscicomputations.core.database.network.Connectivity.connectivityState.<no name provided>.<init>' type=android.content.Context origin=null
                DELEGATING_CONSTRUCTOR_CALL 'public constructor <init> (arity: kotlin.Int, $completion: kotlin.coroutines.Continuation<kotlin.Any?>?) declared in kotlin.coroutines.jvm.internal.SuspendLambda'
                  arity: CONST Int type=kotlin.Int value=2
                  $completion: GET_VAR '$completion: kotlin.coroutines.Continuation<com.compscicomputations.core.database.network.Connectivity.connectivityState.<no name provided>>? declared in com.compscicomputations.core.database.network.Connectivity.connectivityState.<no name provided>.<init>' type=kotlin.coroutines.Continuation<com.compscicomputations.core.database.network.Connectivity.connectivityState.<no name provided>>? origin=null
                BLOCK type=kotlin.Unit origin=null
            FUN name:invokeSuspend visibility:public modality:FINAL <> ($this:com.compscicomputations.core.database.network.Connectivity.connectivityState.<no name provided>, $result:kotlin.Result<kotlin.Any?>) returnType:kotlin.Any?
              overridden:
                protected abstract fun invokeSuspend ($result: kotlin.Result<kotlin.Any?>): kotlin.Any? declared in kotlin.coroutines.jvm.internal.SuspendLambda
              $this: VALUE_PARAMETER INSTANCE_RECEIVER name:<this> type:com.compscicomputations.core.database.network.Connectivity.connectivityState.<no name provided>
              VALUE_PARAMETER name:$result index:0 type:kotlin.Result<kotlin.Any?>
              BLOCK_BODY
                VAR name:$this$produceState type:androidx.compose.runtime.ProduceStateScope<com.compscicomputations.core.database.network.ConnectionState> [val]
                  BLOCK type=androidx.compose.runtime.ProduceStateScope<com.compscicomputations.core.database.network.ConnectionState> origin=null
                    GET_FIELD 'FIELD FIELD_FOR_CAPTURED_VALUE name:L$0 type:kotlin.Any? visibility:private' type=androidx.compose.runtime.ProduceStateScope<com.compscicomputations.core.database.network.ConnectionState> origin=null
                      receiver: GET_VAR '<this>: com.compscicomputations.core.database.network.Connectivity.connectivityState.<no name provided> declared in com.compscicomputations.core.database.network.Connectivity.connectivityState.<no name provided>.invokeSuspend' type=com.compscicomputations.core.database.network.Connectivity.connectivityState.<no name provided> origin=null
                CALL 'public abstract fun collect (collector: kotlinx.coroutines.flow.FlowCollector<T of kotlinx.coroutines.flow.Flow>, $completion: kotlin.coroutines.Continuation<kotlin.Unit>): kotlin.Any? [suspend] declared in kotlinx.coroutines.flow.Flow' type=kotlin.Unit origin=null
                  $this: CALL 'public final fun observeConnectivityAsFlow (): kotlinx.coroutines.flow.Flow<com.compscicomputations.core.database.network.ConnectionState> declared in com.compscicomputations.core.database.network.Connectivity' type=kotlinx.coroutines.flow.Flow<com.compscicomputations.core.database.network.ConnectionState> origin=null
                    $this: GET_FIELD 'FIELD FIELD_FOR_OBJECT_INSTANCE name:INSTANCE type:com.compscicomputations.core.database.network.Connectivity visibility:public [final,static]' type=com.compscicomputations.core.database.network.Connectivity origin=null
                    $receiver: GET_FIELD 'FIELD FIELD_FOR_CAPTURED_VALUE name:$context type:android.content.Context visibility:public/*package*/ [final]' type=android.content.Context origin=null
                      receiver: GET_VAR '<this>: com.compscicomputations.core.database.network.Connectivity.connectivityState.<no name provided> declared in com.compscicomputations.core.database.network.Connectivity.connectivityState.<no name provided>.invokeSuspend' type=com.compscicomputations.core.database.network.Connectivity.connectivityState.<no name provided> origin=null
                  collector: BLOCK type=com.compscicomputations.core.database.network.Connectivity.connectivityState.<no name provided>.invokeSuspend.<no name provided><T of com.compscicomputations.core.database.network.Connectivity.connectivityState.<no name provided>.invokeSuspend.<no name provided>> origin=null
                    CLASS LAMBDA_IMPL CLASS name:<no name provided> modality:FINAL visibility:public/*package*/ superTypes:[@[RawType] kotlinx.coroutines.flow.FlowCollector<T of kotlinx.coroutines.flow.FlowCollector>]
                      $this: VALUE_PARAMETER INSTANCE_RECEIVER name:<this> type:com.compscicomputations.core.database.network.Connectivity.connectivityState.<no name provided>.invokeSuspend.<no name provided><T of com.compscicomputations.core.database.network.Connectivity.connectivityState.<no name provided>.invokeSuspend.<no name provided>>
                      TYPE_PARAMETER name:T index:0 variance:in superTypes:[kotlin.Any?] reified:false
                      CONSTRUCTOR GENERATED_MEMBER_IN_CALLABLE_REFERENCE visibility:public/*package*/ <> ($$this$produceState:androidx.compose.runtime.ProduceStateScope<com.compscicomputations.core.database.network.ConnectionState>) returnType:com.compscicomputations.core.database.network.Connectivity.connectivityState.<no name provided>.invokeSuspend.<no name provided><T of com.compscicomputations.core.database.network.Connectivity.connectivityState.<no name provided>.invokeSuspend.<no name provided>> [primary]
                        VALUE_PARAMETER BOUND_VALUE_PARAMETER name:$$this$produceState index:0 type:androidx.compose.runtime.ProduceStateScope<com.compscicomputations.core.database.network.ConnectionState>
                        BLOCK_BODY
                          SET_FIELD 'FIELD FIELD_FOR_CAPTURED_VALUE name:$$this$produceState type:androidx.compose.runtime.ProduceStateScope<com.compscicomputations.core.database.network.ConnectionState> visibility:public/*package*/ [final]' type=kotlin.Unit origin=INITIALIZER_OF_FIELD_FOR_CAPTURED_VALUE
                            receiver: GET_VAR '<this>: com.compscicomputations.core.database.network.Connectivity.connectivityState.<no name provided>.invokeSuspend.<no name provided><T of com.compscicomputations.core.database.network.Connectivity.connectivityState.<no name provided>.invokeSuspend.<no name provided>> declared in com.compscicomputations.core.database.network.Connectivity.connectivityState.<no name provided>.invokeSuspend.<no name provided>' type=com.compscicomputations.core.database.network.Connectivity.connectivityState.<no name provided>.invokeSuspend.<no name provided><T of com.compscicomputations.core.database.network.Connectivity.connectivityState.<no name provided>.invokeSuspend.<no name provided>> origin=null
                            value: GET_VAR '$$this$produceState: androidx.compose.runtime.ProduceStateScope<com.compscicomputations.core.database.network.ConnectionState> declared in com.compscicomputations.core.database.network.Connectivity.connectivityState.<no name provided>.invokeSuspend.<no name provided>.<init>' type=androidx.compose.runtime.ProduceStateScope<com.compscicomputations.core.database.network.ConnectionState> origin=null
                          DELEGATING_CONSTRUCTOR_CALL 'public constructor <init> () [primary] declared in kotlin.Any'
                          BLOCK type=kotlin.Unit origin=null
                      FUN name:emit visibility:public modality:FINAL <> ($this:com.compscicomputations.core.database.network.Connectivity.connectivityState.<no name provided>.invokeSuspend.<no name provided><T of com.compscicomputations.core.database.network.Connectivity.connectivityState.<no name provided>.invokeSuspend.<no name provided>>, it:com.compscicomputations.core.database.network.ConnectionState, $completion:kotlin.coroutines.Continuation<kotlin.Unit>) returnType:kotlin.Any? [suspend]
                        overridden:
                          public abstract fun emit (value: T of kotlinx.coroutines.flow.FlowCollector, $completion: kotlin.coroutines.Continuation<kotlin.Unit>): kotlin.Any? [suspend] declared in kotlinx.coroutines.flow.FlowCollector
                        $this: VALUE_PARAMETER INSTANCE_RECEIVER name:<this> type:com.compscicomputations.core.database.network.Connectivity.connectivityState.<no name provided>.invokeSuspend.<no name provided><T of com.compscicomputations.core.database.network.Connectivity.connectivityState.<no name provided>.invokeSuspend.<no name provided>>
                        VALUE_PARAMETER name:it index:0 type:com.compscicomputations.core.database.network.ConnectionState
                        VALUE_PARAMETER CONTINUATION_CLASS name:$completion index:1 type:kotlin.coroutines.Continuation<kotlin.Unit>
                        BLOCK_BODY
                          CLASS CONTINUATION_CLASS CLASS name:<Continuation> modality:FINAL visibility:public/*package*/ superTypes:[kotlin.coroutines.jvm.internal.ContinuationImpl]
                            $this: VALUE_PARAMETER INSTANCE_RECEIVER name:<this> type:com.compscicomputations.core.database.network.Connectivity.connectivityState.<no name provided>.invokeSuspend.<no name provided>.emit.<Continuation>
                            FIELD CONTINUATION_CLASS_RESULT_FIELD name:result type:kotlin.Result<kotlin.Any?> visibility:public/*package*/
                            FIELD FIELD_FOR_OUTER_THIS name:this$0 type:com.compscicomputations.core.database.network.Connectivity.connectivityState.<no name provided>.invokeSuspend.<no name provided><T of com.compscicomputations.core.database.network.Connectivity.connectivityState.<no name provided>.invokeSuspend.<no name provided>> visibility:public/*package*/ [final]
                            FIELD name:label type:kotlin.Int visibility:public/*package*/
                            CONSTRUCTOR visibility:public/*package*/ <> (this$0:com.compscicomputations.core.database.network.Connectivity.connectivityState.<no name provided>.invokeSuspend.<no name provided><T of com.compscicomputations.core.database.network.Connectivity.connectivityState.<no name provided>.invokeSuspend.<no name provided>>, $completion:kotlin.coroutines.Continuation<com.compscicomputations.core.database.network.Connectivity.connectivityState.<no name provided>.invokeSuspend.<no name provided>.emit.<Continuation>>?) returnType:com.compscicomputations.core.database.network.Connectivity.connectivityState.<no name provided>.invokeSuspend.<no name provided>.emit.<Continuation> [primary]
                              VALUE_PARAMETER name:this$0 index:0 type:com.compscicomputations.core.database.network.Connectivity.connectivityState.<no name provided>.invokeSuspend.<no name provided><T of com.compscicomputations.core.database.network.Connectivity.connectivityState.<no name provided>.invokeSuspend.<no name provided>>
                              VALUE_PARAMETER name:$completion index:1 type:kotlin.coroutines.Continuation<com.compscicomputations.core.database.network.Connectivity.connectivityState.<no name provided>.invokeSuspend.<no name provided>.emit.<Continuation>>?
                              BLOCK_BODY
                                SET_FIELD 'FIELD FIELD_FOR_OUTER_THIS name:this$0 type:com.compscicomputations.core.database.network.Connectivity.connectivityState.<no name provided>.invokeSuspend.<no name provided><T of com.compscicomputations.core.database.network.Connectivity.connectivityState.<no name provided>.invokeSuspend.<no name provided>> visibility:public/*package*/ [final]' type=kotlin.Unit origin=null
                                  receiver: GET_VAR '<this>: com.compscicomputations.core.database.network.Connectivity.connectivityState.<no name provided>.invokeSuspend.<no name provided>.emit.<Continuation> declared in com.compscicomputations.core.database.network.Connectivity.connectivityState.<no name provided>.invokeSuspend.<no name provided>.emit.<Continuation>' type=com.compscicomputations.core.database.network.Connectivity.connectivityState.<no name provided>.invokeSuspend.<no name provided>.emit.<Continuation> origin=null
                                  value: GET_VAR 'this$0: com.compscicomputations.core.database.network.Connectivity.connectivityState.<no name provided>.invokeSuspend.<no name provided><T of com.compscicomputations.core.database.network.Connectivity.connectivityState.<no name provided>.invokeSuspend.<no name provided>> declared in com.compscicomputations.core.database.network.Connectivity.connectivityState.<no name provided>.invokeSuspend.<no name provided>.emit.<Continuation>.<init>' type=com.compscicomputations.core.database.network.Connectivity.connectivityState.<no name provided>.invokeSuspend.<no name provided><T of com.compscicomputations.core.database.network.Connectivity.connectivityState.<no name provided>.invokeSuspend.<no name provided>> origin=null
                                DELEGATING_CONSTRUCTOR_CALL 'public constructor <init> ($completion: kotlin.coroutines.Continuation<kotlin.Any?>?) declared in kotlin.coroutines.jvm.internal.ContinuationImpl'
                                  $completion: GET_VAR '$completion: kotlin.coroutines.Continuation<com.compscicomputations.core.database.network.Connectivity.connectivityState.<no name provided>.invokeSuspend.<no name provided>.emit.<Continuation>>? declared in com.compscicomputations.core.database.network.Connectivity.connectivityState.<no name provided>.invokeSuspend.<no name provided>.emit.<Continuation>.<init>' type=kotlin.coroutines.Continuation<com.compscicomputations.core.database.network.Connectivity.connectivityState.<no name provided>.invokeSuspend.<no name provided>.emit.<Continuation>>? origin=null
                            FUN name:invokeSuspend visibility:public modality:FINAL <> ($this:com.compscicomputations.core.database.network.Connectivity.connectivityState.<no name provided>.invokeSuspend.<no name provided>.emit.<Continuation>, $result:kotlin.Result<kotlin.Any?>) returnType:kotlin.Any?
                              overridden:
                                public abstract fun invokeSuspend ($result: kotlin.Result<kotlin.Any?>): kotlin.Any? declared in kotlin.coroutines.jvm.internal.ContinuationImpl
                              $this: VALUE_PARAMETER INSTANCE_RECEIVER name:<this> type:com.compscicomputations.core.database.network.Connectivity.connectivityState.<no name provided>.invokeSuspend.<no name provided>.emit.<Continuation>
                              VALUE_PARAMETER name:$result index:0 type:kotlin.Result<kotlin.Any?>
                              BLOCK_BODY
                                SET_FIELD 'FIELD CONTINUATION_CLASS_RESULT_FIELD name:result type:kotlin.Result<kotlin.Any?> visibility:public/*package*/' type=kotlin.Unit origin=null
                                  receiver: GET_VAR '<this>: com.compscicomputations.core.database.network.Connectivity.connectivityState.<no name provided>.invokeSuspend.<no name provided>.emit.<Continuation> declared in com.compscicomputations.core.database.network.Connectivity.connectivityState.<no name provided>.invokeSuspend.<no name provided>.emit.<Continuation>.invokeSuspend' type=com.compscicomputations.core.database.network.Connectivity.connectivityState.<no name provided>.invokeSuspend.<no name provided>.emit.<Continuation> origin=null
                                  value: GET_VAR '$result: kotlin.Result<kotlin.Any?> declared in com.compscicomputations.core.database.network.Connectivity.connectivityState.<no name provided>.invokeSuspend.<no name provided>.emit.<Continuation>.invokeSuspend' type=kotlin.Result<kotlin.Any?> origin=null
                                SET_FIELD 'FIELD name:label type:kotlin.Int visibility:public/*package*/' type=kotlin.Unit origin=null
                                  receiver: GET_VAR '<this>: com.compscicomputations.core.database.network.Connectivity.connectivityState.<no name provided>.invokeSuspend.<no name provided>.emit.<Continuation> declared in com.compscicomputations.core.database.network.Connectivity.connectivityState.<no name provided>.invokeSuspend.<no name provided>.emit.<Continuation>.invokeSuspend' type=com.compscicomputations.core.database.network.Connectivity.connectivityState.<no name provided>.invokeSuspend.<no name provided>.emit.<Continuation> origin=null
                                  value: CALL 'public final fun or (other: kotlin.Int): kotlin.Int [infix] declared in kotlin.Int' type=kotlin.Int origin=null
                                    $this: GET_FIELD 'FIELD name:label type:kotlin.Int visibility:public/*package*/' type=kotlin.Int origin=null
                                      receiver: GET_VAR '<this>: com.compscicomputations.core.database.network.Connectivity.connectivityState.<no name provided>.invokeSuspend.<no name provided>.emit.<Continuation> declared in com.compscicomputations.core.database.network.Connectivity.connectivityState.<no name provided>.invokeSuspend.<no name provided>.emit.<Continuation>.invokeSuspend' type=com.compscicomputations.core.database.network.Connectivity.connectivityState.<no name provided>.invokeSuspend.<no name provided>.emit.<Continuation> origin=null
                                    other: CONST Int type=kotlin.Int value=-2147483648
                                RETURN type=kotlin.Nothing from='public final fun invokeSuspend ($result: kotlin.Result<kotlin.Any?>): kotlin.Any? declared in com.compscicomputations.core.database.network.Connectivity.connectivityState.<no name provided>.invokeSuspend.<no name provided>.emit.<Continuation>'
                                  CALL 'public final fun emit (it: com.compscicomputations.core.database.network.ConnectionState, $completion: kotlin.coroutines.Continuation<kotlin.Unit>): kotlin.Any? [suspend] declared in com.compscicomputations.core.database.network.Connectivity.connectivityState.<no name provided>.invokeSuspend.<no name provided>' type=kotlin.Any? origin=null
                                    $this: GET_FIELD 'FIELD FIELD_FOR_OUTER_THIS name:this$0 type:com.compscicomputations.core.database.network.Connectivity.connectivityState.<no name provided>.invokeSuspend.<no name provided><T of com.compscicomputations.core.database.network.Connectivity.connectivityState.<no name provided>.invokeSuspend.<no name provided>> visibility:public/*package*/ [final]' type=com.compscicomputations.core.database.network.Connectivity.connectivityState.<no name provided>.invokeSuspend.<no name provided><T of com.compscicomputations.core.database.network.Connectivity.connectivityState.<no name provided>.invokeSuspend.<no name provided>> origin=null
                                      receiver: GET_VAR '<this>: com.compscicomputations.core.database.network.Connectivity.connectivityState.<no name provided>.invokeSuspend.<no name provided>.emit.<Continuation> declared in com.compscicomputations.core.database.network.Connectivity.connectivityState.<no name provided>.invokeSuspend.<no name provided>.emit.<Continuation>.invokeSuspend' type=com.compscicomputations.core.database.network.Connectivity.connectivityState.<no name provided>.invokeSuspend.<no name provided>.emit.<Continuation> origin=null
                                    it: CONST Null type=com.compscicomputations.core.database.network.ConnectionState? value=null
                                    $completion: GET_VAR '<this>: com.compscicomputations.core.database.network.Connectivity.connectivityState.<no name provided>.invokeSuspend.<no name provided>.emit.<Continuation> declared in com.compscicomputations.core.database.network.Connectivity.connectivityState.<no name provided>.invokeSuspend.<no name provided>.emit.<Continuation>.invokeSuspend' type=com.compscicomputations.core.database.network.Connectivity.connectivityState.<no name provided>.invokeSuspend.<no name provided>.emit.<Continuation> origin=null
                          CALL 'public abstract fun <set-value> (<set-?>: T of androidx.compose.runtime.ProduceStateScope): kotlin.Unit [fake_override] declared in androidx.compose.runtime.ProduceStateScope' type=kotlin.Unit origin=EQ
                            $this: GET_FIELD 'FIELD FIELD_FOR_CAPTURED_VALUE name:$$this$produceState type:androidx.compose.runtime.ProduceStateScope<com.compscicomputations.core.database.network.ConnectionState> visibility:public/*package*/ [final]' type=androidx.compose.runtime.ProduceStateScope<com.compscicomputations.core.database.network.ConnectionState> origin=null
                              receiver: GET_VAR '<this>: com.compscicomputations.core.database.network.Connectivity.connectivityState.<no name provided>.invokeSuspend.<no name provided><T of com.compscicomputations.core.database.network.Connectivity.connectivityState.<no name provided>.invokeSuspend.<no name provided>> declared in com.compscicomputations.core.database.network.Connectivity.connectivityState.<no name provided>.invokeSuspend.<no name provided>.emit' type=com.compscicomputations.core.database.network.Connectivity.connectivityState.<no name provided>.invokeSuspend.<no name provided><T of com.compscicomputations.core.database.network.Connectivity.connectivityState.<no name provided>.invokeSuspend.<no name provided>> origin=null
                            <set-?>: GET_VAR 'it: com.compscicomputations.core.database.network.ConnectionState declared in com.compscicomputations.core.database.network.Connectivity.connectivityState.<no name provided>.invokeSuspend.<no name provided>.emit' type=com.compscicomputations.core.database.network.ConnectionState origin=null
                      FUN FAKE_OVERRIDE name:equals visibility:public modality:OPEN <> ($this:kotlin.Any, other:kotlin.Any?) returnType:kotlin.Boolean [fake_override,operator]
                        overridden:
                          public open fun equals (other: kotlin.Any?): kotlin.Boolean [fake_override,operator] declared in kotlinx.coroutines.flow.FlowCollector
                        $this: VALUE_PARAMETER name:<this> type:kotlin.Any
                        VALUE_PARAMETER name:other index:0 type:kotlin.Any?
                      FUN FAKE_OVERRIDE name:hashCode visibility:public modality:OPEN <> ($this:kotlin.Any) returnType:kotlin.Int [fake_override]
                        overridden:
                          public open fun hashCode (): kotlin.Int [fake_override] declared in kotlinx.coroutines.flow.FlowCollector
                        $this: VALUE_PARAMETER name:<this> type:kotlin.Any
                      FUN FAKE_OVERRIDE name:toString visibility:public modality:OPEN <> ($this:kotlin.Any) returnType:kotlin.String [fake_override]
                        overridden:
                          public open fun toString (): kotlin.String [fake_override] declared in kotlinx.coroutines.flow.FlowCollector
                        $this: VALUE_PARAMETER name:<this> type:kotlin.Any
                      FIELD FIELD_FOR_CAPTURED_VALUE name:$$this$produceState type:androidx.compose.runtime.ProduceStateScope<com.compscicomputations.core.database.network.ConnectionState> visibility:public/*package*/ [final]
                      FUN BRIDGE name:emit visibility:public modality:OPEN <> ($this:com.compscicomputations.core.database.network.Connectivity.connectivityState.<no name provided>.invokeSuspend.<no name provided><T of com.compscicomputations.core.database.network.Connectivity.connectivityState.<no name provided>.invokeSuspend.<no name provided>>, value:kotlin.Any?, $completion:kotlin.coroutines.Continuation<kotlin.Unit>) returnType:kotlin.Any? [suspend]
                        $this: VALUE_PARAMETER INSTANCE_RECEIVER name:<this> type:com.compscicomputations.core.database.network.Connectivity.connectivityState.<no name provided>.invokeSuspend.<no name provided><T of com.compscicomputations.core.database.network.Connectivity.connectivityState.<no name provided>.invokeSuspend.<no name provided>>
                        VALUE_PARAMETER BRIDGE name:value index:0 type:kotlin.Any?
                        VALUE_PARAMETER BRIDGE name:$completion index:1 type:kotlin.coroutines.Continuation<kotlin.Unit>
                        EXPRESSION_BODY
                          RETURN type=kotlin.Nothing from='public open fun emit (value: kotlin.Any?, $completion: kotlin.coroutines.Continuation<kotlin.Unit>): kotlin.Any? [suspend] declared in com.compscicomputations.core.database.network.Connectivity.connectivityState.<no name provided>.invokeSuspend.<no name provided>'
                            CALL 'public final fun emit (it: com.compscicomputations.core.database.network.ConnectionState, $completion: kotlin.coroutines.Continuation<kotlin.Unit>): kotlin.Any? [suspend] declared in com.compscicomputations.core.database.network.Connectivity.connectivityState.<no name provided>.invokeSuspend.<no name provided>' type=kotlin.Any? origin=BRIDGE_DELEGATION
                              $this: GET_VAR '<this>: com.compscicomputations.core.database.network.Connectivity.connectivityState.<no name provided>.invokeSuspend.<no name provided><T of com.compscicomputations.core.database.network.Connectivity.connectivityState.<no name provided>.invokeSuspend.<no name provided>> declared in com.compscicomputations.core.database.network.Connectivity.connectivityState.<no name provided>.invokeSuspend.<no name provided>.emit' type=com.compscicomputations.core.database.network.Connectivity.connectivityState.<no name provided>.invokeSuspend.<no name provided><T of com.compscicomputations.core.database.network.Connectivity.connectivityState.<no name provided>.invokeSuspend.<no name provided>> origin=null
                              it: TYPE_OP type=com.compscicomputations.core.database.network.ConnectionState origin=IMPLICIT_CAST typeOperand=com.compscicomputations.core.database.network.ConnectionState
                                GET_VAR 'value: kotlin.Any? declared in com.compscicomputations.core.database.network.Connectivity.connectivityState.<no name provided>.invokeSuspend.<no name provided>.emit' type=kotlin.Any? origin=null
                              $completion: TYPE_OP type=kotlin.coroutines.Continuation<*> origin=IMPLICIT_CAST typeOperand=kotlin.coroutines.Continuation<*>
                                GET_VAR '$completion: kotlin.coroutines.Continuation<kotlin.Unit> declared in com.compscicomputations.core.database.network.Connectivity.connectivityState.<no name provided>.invokeSuspend.<no name provided>.emit' type=kotlin.coroutines.Continuation<kotlin.Unit> origin=null
                    CONSTRUCTOR_CALL 'public/*package*/ constructor <init> ($$this$produceState: androidx.compose.runtime.ProduceStateScope<com.compscicomputations.core.database.network.ConnectionState>) [primary] declared in com.compscicomputations.core.database.network.Connectivity.connectivityState.<no name provided>.invokeSuspend.<no name provided>' type=com.compscicomputations.core.database.network.Connectivity.connectivityState.<no name provided>.invokeSuspend.<no name provided><T of com.compscicomputations.core.database.network.Connectivity.connectivityState.<no name provided>.invokeSuspend.<no name provided>> origin=null
                      <class: T>: <none>
                      $$this$produceState: GET_VAR 'val $this$produceState: androidx.compose.runtime.ProduceStateScope<com.compscicomputations.core.database.network.ConnectionState> [val] declared in com.compscicomputations.core.database.network.Connectivity.connectivityState.<no name provided>.invokeSuspend' type=androidx.compose.runtime.ProduceStateScope<com.compscicomputations.core.database.network.ConnectionState> origin=null
                  $completion: GET_VAR '<this>: com.compscicomputations.core.database.network.Connectivity.connectivityState.<no name provided> declared in com.compscicomputations.core.database.network.Connectivity.connectivityState.<no name provided>.invokeSuspend' type=com.compscicomputations.core.database.network.Connectivity.connectivityState.<no name provided> origin=null
            FUN name:create visibility:public modality:FINAL <> ($this:com.compscicomputations.core.database.network.Connectivity.connectivityState.<no name provided>, value:kotlin.Any?, $completion:kotlin.coroutines.Continuation<kotlin.Nothing>) returnType:kotlin.coroutines.Continuation<kotlin.Unit>
              overridden:
                public open fun create (value: kotlin.Any?, $completion: kotlin.coroutines.Continuation<kotlin.Nothing>): kotlin.coroutines.Continuation<kotlin.Unit> declared in kotlin.coroutines.jvm.internal.SuspendLambda
              $this: VALUE_PARAMETER INSTANCE_RECEIVER name:<this> type:com.compscicomputations.core.database.network.Connectivity.connectivityState.<no name provided>
              VALUE_PARAMETER name:value index:0 type:kotlin.Any?
              VALUE_PARAMETER name:$completion index:1 type:kotlin.coroutines.Continuation<kotlin.Nothing>
              BLOCK_BODY
                VAR IR_TEMPORARY_VARIABLE name:tmp0_result type:com.compscicomputations.core.database.network.Connectivity.connectivityState.<no name provided> [val]
                  CONSTRUCTOR_CALL 'public/*package*/ constructor <init> ($context: android.content.Context, $completion: kotlin.coroutines.Continuation<com.compscicomputations.core.database.network.Connectivity.connectivityState.<no name provided>>?) [primary] declared in com.compscicomputations.core.database.network.Connectivity.connectivityState.<no name provided>' type=com.compscicomputations.core.database.network.Connectivity.connectivityState.<no name provided> origin=null
                    $context: GET_FIELD 'FIELD FIELD_FOR_CAPTURED_VALUE name:$context type:android.content.Context visibility:public/*package*/ [final]' type=android.content.Context origin=null
                      receiver: GET_VAR '<this>: com.compscicomputations.core.database.network.Connectivity.connectivityState.<no name provided> declared in com.compscicomputations.core.database.network.Connectivity.connectivityState.<no name provided>.create' type=com.compscicomputations.core.database.network.Connectivity.connectivityState.<no name provided> origin=null
                    $completion: GET_VAR '$completion: kotlin.coroutines.Continuation<kotlin.Nothing> declared in com.compscicomputations.core.database.network.Connectivity.connectivityState.<no name provided>.create' type=kotlin.coroutines.Continuation<kotlin.Nothing> origin=null
                SET_FIELD 'FIELD FIELD_FOR_CAPTURED_VALUE name:L$0 type:kotlin.Any? visibility:private' type=kotlin.Unit origin=null
                  receiver: GET_VAR 'val tmp0_result: com.compscicomputations.core.database.network.Connectivity.connectivityState.<no name provided> [val] declared in com.compscicomputations.core.database.network.Connectivity.connectivityState.<no name provided>.create' type=com.compscicomputations.core.database.network.Connectivity.connectivityState.<no name provided> origin=null
                  value: GET_VAR 'value: kotlin.Any? declared in com.compscicomputations.core.database.network.Connectivity.connectivityState.<no name provided>.create' type=kotlin.Any? origin=null
                RETURN type=kotlin.Nothing from='public final fun create (value: kotlin.Any?, $completion: kotlin.coroutines.Continuation<kotlin.Nothing>): kotlin.coroutines.Continuation<kotlin.Unit> declared in com.compscicomputations.core.database.network.Connectivity.connectivityState.<no name provided>'
                  GET_VAR 'val tmp0_result: com.compscicomputations.core.database.network.Connectivity.connectivityState.<no name provided> [val] declared in com.compscicomputations.core.database.network.Connectivity.connectivityState.<no name provided>.create' type=com.compscicomputations.core.database.network.Connectivity.connectivityState.<no name provided> origin=null
            FUN name:invoke visibility:public modality:FINAL <> ($this:com.compscicomputations.core.database.network.Connectivity.connectivityState.<no name provided>, p1:androidx.compose.runtime.ProduceStateScope<com.compscicomputations.core.database.network.ConnectionState>, p2:kotlin.coroutines.Continuation<kotlin.Unit>?) returnType:kotlin.Any?
              overridden:
                public abstract fun invoke (p1: P1 of kotlin.jvm.functions.Function2, p2: P2 of kotlin.jvm.functions.Function2): R of kotlin.jvm.functions.Function2 declared in kotlin.jvm.functions.Function2
              $this: VALUE_PARAMETER INSTANCE_RECEIVER name:<this> type:com.compscicomputations.core.database.network.Connectivity.connectivityState.<no name provided>
              VALUE_PARAMETER name:p1 index:0 type:androidx.compose.runtime.ProduceStateScope<com.compscicomputations.core.database.network.ConnectionState>
              VALUE_PARAMETER name:p2 index:1 type:kotlin.coroutines.Continuation<kotlin.Unit>?
              BLOCK_BODY
                RETURN type=kotlin.Nothing from='public final fun invoke (p1: androidx.compose.runtime.ProduceStateScope<com.compscicomputations.core.database.network.ConnectionState>, p2: kotlin.coroutines.Continuation<kotlin.Unit>?): kotlin.Any? declared in com.compscicomputations.core.database.network.Connectivity.connectivityState.<no name provided>'
                  CALL 'public final fun invokeSuspend ($result: kotlin.Result<kotlin.Any?>): kotlin.Any? declared in com.compscicomputations.core.database.network.Connectivity.connectivityState.<no name provided>' type=kotlin.Any? origin=null
                    $this: TYPE_OP type=com.compscicomputations.core.database.network.Connectivity.connectivityState.<no name provided> origin=IMPLICIT_CAST typeOperand=com.compscicomputations.core.database.network.Connectivity.connectivityState.<no name provided>
                      CALL 'public final fun create (value: kotlin.Any?, $completion: kotlin.coroutines.Continuation<kotlin.Nothing>): kotlin.coroutines.Continuation<kotlin.Unit> declared in com.compscicomputations.core.database.network.Connectivity.connectivityState.<no name provided>' type=kotlin.coroutines.Continuation<kotlin.Unit> origin=null
                        $this: GET_VAR '<this>: com.compscicomputations.core.database.network.Connectivity.connectivityState.<no name provided> declared in com.compscicomputations.core.database.network.Connectivity.connectivityState.<no name provided>.invoke' type=com.compscicomputations.core.database.network.Connectivity.connectivityState.<no name provided> origin=null
                        value: GET_VAR 'p1: androidx.compose.runtime.ProduceStateScope<com.compscicomputations.core.database.network.ConnectionState> declared in com.compscicomputations.core.database.network.Connectivity.connectivityState.<no name provided>.invoke' type=androidx.compose.runtime.ProduceStateScope<com.compscicomputations.core.database.network.ConnectionState> origin=null
                        $completion: GET_VAR 'p2: kotlin.coroutines.Continuation<kotlin.Unit>? declared in com.compscicomputations.core.database.network.Connectivity.connectivityState.<no name provided>.invoke' type=kotlin.coroutines.Continuation<kotlin.Unit>? origin=null
                    $result: CALL 'public final fun <unsafe-coerce> <T, R> (v: T of kotlin.jvm.internal.<unsafe-coerce>): R of kotlin.jvm.internal.<unsafe-coerce> declared in kotlin.jvm.internal' type=kotlin.Result<kotlin.Any?> origin=null
                      <T>: kotlin.Any?
                      <R>: kotlin.Result<kotlin.Any?>
                      v: GET_FIELD 'FIELD FIELD_FOR_OBJECT_INSTANCE name:INSTANCE type:kotlin.Unit visibility:public [final,static]' type=kotlin.Unit origin=null
            FIELD FIELD_FOR_CAPTURED_VALUE name:$context type:android.content.Context visibility:public/*package*/ [final]
            FUN BRIDGE name:invoke visibility:public modality:OPEN <> ($this:com.compscicomputations.core.database.network.Connectivity.connectivityState.<no name provided>, p1:kotlin.Any?, p2:kotlin.Any?) returnType:kotlin.Any?
              $this: VALUE_PARAMETER INSTANCE_RECEIVER name:<this> type:com.compscicomputations.core.database.network.Connectivity.connectivityState.<no name provided>
              VALUE_PARAMETER BRIDGE name:p1 index:0 type:kotlin.Any?
              VALUE_PARAMETER BRIDGE name:p2 index:1 type:kotlin.Any?
              EXPRESSION_BODY
                RETURN type=kotlin.Nothing from='public open fun invoke (p1: kotlin.Any?, p2: kotlin.Any?): kotlin.Any? declared in com.compscicomputations.core.database.network.Connectivity.connectivityState.<no name provided>'
                  CALL 'public final fun invoke (p1: androidx.compose.runtime.ProduceStateScope<com.compscicomputations.core.database.network.ConnectionState>, p2: kotlin.coroutines.Continuation<kotlin.Unit>?): kotlin.Any? declared in com.compscicomputations.core.database.network.Connectivity.connectivityState.<no name provided>' type=kotlin.Any? origin=BRIDGE_DELEGATION
                    $this: GET_VAR '<this>: com.compscicomputations.core.database.network.Connectivity.connectivityState.<no name provided> declared in com.compscicomputations.core.database.network.Connectivity.connectivityState.<no name provided>.invoke' type=com.compscicomputations.core.database.network.Connectivity.connectivityState.<no name provided> origin=null
                    p1: TYPE_OP type=androidx.compose.runtime.ProduceStateScope<*> origin=IMPLICIT_CAST typeOperand=androidx.compose.runtime.ProduceStateScope<*>
                      GET_VAR 'p1: kotlin.Any? declared in com.compscicomputations.core.database.network.Connectivity.connectivityState.<no name provided>.invoke' type=kotlin.Any? origin=null
                    p2: TYPE_OP type=kotlin.coroutines.Continuation<*> origin=IMPLICIT_CAST typeOperand=kotlin.coroutines.Continuation<*>
                      GET_VAR 'p2: kotlin.Any? declared in com.compscicomputations.core.database.network.Connectivity.connectivityState.<no name provided>.invoke' type=kotlin.Any? origin=null
          CONSTRUCTOR_CALL 'public/*package*/ constructor <init> ($context: android.content.Context, $completion: kotlin.coroutines.Continuation<com.compscicomputations.core.database.network.Connectivity.connectivityState.<no name provided>>?) [primary] declared in com.compscicomputations.core.database.network.Connectivity.connectivityState.<no name provided>' type=com.compscicomputations.core.database.network.Connectivity.connectivityState.<no name provided> origin=null
            $context: GET_VAR 'val context: android.content.Context [val] declared in com.compscicomputations.core.database.network.Connectivity.connectivityState' type=android.content.Context origin=null
            $completion: CONST Null type=kotlin.Nothing? value=null

	at org.jetbrains.kotlin.backend.jvm.codegen.FunctionCodegen.generate(FunctionCodegen.kt:50)
	at org.jetbrains.kotlin.backend.jvm.codegen.FunctionCodegen.generate$default(FunctionCodegen.kt:42)
	at org.jetbrains.kotlin.backend.jvm.codegen.ClassCodegen.generateMethodNode(ClassCodegen.kt:385)
	at org.jetbrains.kotlin.backend.jvm.codegen.ClassCodegen.generateMethod(ClassCodegen.kt:402)
	at org.jetbrains.kotlin.backend.jvm.codegen.ClassCodegen.generate(ClassCodegen.kt:169)
	at org.jetbrains.kotlin.backend.jvm.FileCodegen.lower(JvmPhases.kt:41)
	at org.jetbrains.kotlin.backend.common.phaser.PhaseBuildersKt.makeIrFilePhase$lambda$5(PhaseBuilders.kt:114)
	at org.jetbrains.kotlin.backend.common.phaser.PhaseBuildersKt$createSimpleNamedCompilerPhase$1.phaseBody(PhaseBuilders.kt:71)
	at org.jetbrains.kotlin.backend.common.phaser.SimpleNamedCompilerPhase.phaseBody(CompilerPhase.kt:226)
	at org.jetbrains.kotlin.backend.common.phaser.AbstractNamedCompilerPhase.invoke(CompilerPhase.kt:113)
	at org.jetbrains.kotlin.backend.common.phaser.PerformByIrFilePhase.invokeSequential(performByIrFile.kt:62)
	... 44 more
Caused by: org.jetbrains.kotlin.codegen.CompilationException: Back-end (JVM) Internal error: Couldn't inline method call: CALL 'public final fun <get-current> (): T of androidx.compose.runtime.CompositionLocal [inline] declared in androidx.compose.runtime.CompositionLocal' type=android.content.Context origin=GET_PROPERTY
Method: null
File is unknown
The root cause java.lang.IllegalStateException was thrown at: org.jetbrains.kotlin.codegen.inline.SourceCompilerForInlineKt.getMethodNode(SourceCompilerForInline.kt:118)
	at org.jetbrains.kotlin.codegen.inline.InlineCodegen.performInline(InlineCodegen.kt:65)
	at org.jetbrains.kotlin.backend.jvm.codegen.IrInlineCodegen.genInlineCall(IrInlineCodegen.kt:162)
	at org.jetbrains.kotlin.backend.jvm.codegen.IrInlineCallGenerator.genCall(IrInlineCallGenerator.kt:36)
	at org.jetbrains.kotlin.backend.jvm.codegen.ExpressionCodegen.visitCall(ExpressionCodegen.kt:647)
	at org.jetbrains.kotlin.backend.jvm.codegen.ExpressionCodegen.visitCall(ExpressionCodegen.kt:137)
	at org.jetbrains.kotlin.ir.expressions.IrCall.accept(IrCall.kt:24)
	at org.jetbrains.kotlin.backend.jvm.codegen.ExpressionCodegen.visitVariable(ExpressionCodegen.kt:784)
	at org.jetbrains.kotlin.backend.jvm.codegen.ExpressionCodegen.visitVariable(ExpressionCodegen.kt:137)
	at org.jetbrains.kotlin.ir.declarations.IrVariable.accept(IrVariable.kt:36)
	at org.jetbrains.kotlin.backend.jvm.codegen.ExpressionCodegen.visitStatementContainer(ExpressionCodegen.kt:573)
	at org.jetbrains.kotlin.backend.jvm.codegen.ExpressionCodegen.visitBlockBody(ExpressionCodegen.kt:578)
	at org.jetbrains.kotlin.backend.jvm.codegen.ExpressionCodegen.visitBlockBody(ExpressionCodegen.kt:137)
	at org.jetbrains.kotlin.ir.expressions.IrBlockBody.accept(IrBlockBody.kt:20)
	at org.jetbrains.kotlin.backend.jvm.codegen.ExpressionCodegen.generate(ExpressionCodegen.kt:239)
	at org.jetbrains.kotlin.backend.jvm.codegen.FunctionCodegen.doGenerate(FunctionCodegen.kt:121)
	at org.jetbrains.kotlin.backend.jvm.codegen.FunctionCodegen.generate(FunctionCodegen.kt:46)
	... 54 more
Caused by: java.lang.IllegalStateException: couldn't find inline method Landroidx/compose/runtime/CompositionLocal;.getCurrent()Ljava/lang/Object;
	at org.jetbrains.kotlin.codegen.inline.SourceCompilerForInlineKt.getMethodNode(SourceCompilerForInline.kt:118)
	at org.jetbrains.kotlin.codegen.inline.SourceCompilerForInlineKt.loadCompiledInlineFunction(SourceCompilerForInline.kt:96)
	at org.jetbrains.kotlin.backend.jvm.codegen.IrSourceCompilerForInline.compileInlineFunction(IrSourceCompilerForInline.kt:91)
	at org.jetbrains.kotlin.codegen.inline.InlineCodegen.compileInline(InlineCodegen.kt:43)
	at org.jetbrains.kotlin.codegen.inline.InlineCodegen.performInline(InlineCodegen.kt:51)
	... 69 more


